<?xml version="1.0" encoding="UTF-8"?>
<!-- Generated by org.testng.reporters.JUnitReportReporter -->
<testsuite hostname="LAPTOP-QO3MJE78" failures="0" tests="1" name="HomePageTest.ToVerifyHomePageTitleTest" time="18.679" errors="0" timestamp="2023-02-01T21:03:26 IST" skipped="0">
  <testcase classname="HomePageTest.ToVerifyHomePageTitleTest" name="toVerifyHomePageTitleTest" time="18.679"/>
  <system-out/>
</testsuite> <!-- HomePageTest.ToVerifyHomePageTitleTest -->
